<?xml version="1.0" encoding="utf-8"?><testsuites name="pytest tests"><testsuite name="pytest" errors="0" failures="9" skipped="0" tests="38" time="14.591" timestamp="2026-06-08T13:40:27.833396+00:00" hostname="agent-env-3e1e8a0b-c5df-4da4-a538-66f7f9a087f4"><testcase classname="tests.test_supabase_migration.TestHealth" name="test_health" time="0.562" /><testcase classname="tests.test_supabase_migration.TestUsersMe" name="test_users_me_creates_supabase_row" time="2.250"><failure message="AssertionError: assert 'test_iter5+1...4@jobpilot.ai' == 'TEST_iter5+1...4@jobpilot.ai'&#10;  &#10;  - TEST_iter5+1780926028_db5e04@jobpilot.ai&#10;  ? ^^^^&#10;  + test_iter5+1780926028_db5e04@jobpilot.ai&#10;  ? ^^^^">tests/test_supabase_migration.py:100: in test_users_me_creates_supabase_row
    assert data["email"] == sb_user["email"]
E   AssertionError: assert 'test_iter5+1...4@jobpilot.ai' == 'TEST_iter5+1...4@jobpilot.ai'
E     
E     - TEST_iter5+1780926028_db5e04@jobpilot.ai
E     ? ^^^^
E     + test_iter5+1780926028_db5e04@jobpilot.ai
E     ? ^^^^</failure></testcase><testcase classname="tests.test_supabase_migration.TestJobs" name="test_jobs_feed" time="0.119"><failure message="assert 404 == 200&#10; +  where 404 = &lt;Response [404]&gt;.status_code">tests/test_supabase_migration.py:113: in test_jobs_feed
    assert r.status_code == 200
E   assert 404 == 200
E    +  where 404 = &lt;Response [404]&gt;.status_code</failure></testcase><testcase classname="tests.test_supabase_migration.TestJobs" name="test_jobs_feed_unauth" time="0.149"><failure message="assert 404 in (200, 401)&#10; +  where 404 = &lt;Response [404]&gt;.status_code">tests/test_supabase_migration.py:120: in test_jobs_feed_unauth
    assert r.status_code in (200, 401)
E   assert 404 in (200, 401)
E    +  where 404 = &lt;Response [404]&gt;.status_code</failure></testcase><testcase classname="tests.test_supabase_migration.TestJobs" name="test_autopilot_status_no_500" time="0.748" /><testcase classname="tests.test_supabase_migration.TestJobs" name="test_applications_history" time="0.558" /><testcase classname="tests.test_supabase_migration.TestAI" name="test_credits_initial" time="0.530"><failure message="AssertionError: missing limit&#10;assert 'limit' in {'period': '2026-06', 'remaining': 3, 'total': 3, 'used': 0}">tests/test_supabase_migration.py:144: in test_credits_initial
    assert k in d, f"missing {k}"
E   AssertionError: missing limit
E   assert 'limit' in {'period': '2026-06', 'remaining': 3, 'total': 3, 'used': 0}</failure></testcase><testcase classname="tests.test_supabase_migration.TestAI" name="test_ats_check_consumes_credit_or_errors_cleanly" time="1.160"><failure message="KeyError: 'limit'">tests/test_supabase_migration.py:162: in test_ats_check_consumes_credit_or_errors_cleanly
    assert d["used"] &lt;= d["limit"]
                        ^^^^^^^^^^
E   KeyError: 'limit'</failure></testcase><testcase classname="tests.test_supabase_migration.TestPayments" name="test_create_order_persists" time="1.805" /><testcase classname="tests.test_supabase_migration.TestReferrals" name="test_referrals_me" time="0.175"><failure message="AssertionError: {&quot;detail&quot;:&quot;Not Found&quot;}&#10;assert 404 == 200&#10; +  where 404 = &lt;Response [404]&gt;.status_code">tests/test_supabase_migration.py:190: in test_referrals_me
    assert r.status_code == 200, r.text
E   AssertionError: {"detail":"Not Found"}
E   assert 404 == 200
E    +  where 404 = &lt;Response [404]&gt;.status_code</failure></testcase><testcase classname="tests.test_supabase_migration.TestShare" name="test_share_create_and_get" time="0.121"><failure message="AssertionError: {&quot;detail&quot;:&quot;Not Found&quot;}&#10;assert 404 == 200&#10; +  where 404 = &lt;Response [404]&gt;.status_code">tests/test_supabase_migration.py:202: in test_share_create_and_get
    assert r.status_code == 200, r.text
E   AssertionError: {"detail":"Not Found"}
E   assert 404 == 200
E    +  where 404 = &lt;Response [404]&gt;.status_code</failure></testcase><testcase classname="tests.test_supabase_migration.TestAdmin" name="test_admin_users_lists_from_supabase" time="1.280"><failure message="AssertionError: Newly-created Supabase user should appear in admin /users list&#10;assert False&#10; +  where False = any(&lt;generator object TestAdmin.test_admin_users_lists_from_supabase.&lt;locals&gt;.&lt;genexpr&gt; at 0xffdcc19cb920&gt;)">tests/test_supabase_migration.py:223: in test_admin_users_lists_from_supabase
    assert any(u.get("email") == sb_user["email"] for u in users), \
E   AssertionError: Newly-created Supabase user should appear in admin /users list
E   assert False
E    +  where False = any(&lt;generator object TestAdmin.test_admin_users_lists_from_supabase.&lt;locals&gt;.&lt;genexpr&gt; at 0xffdcc19cb920&gt;)</failure></testcase><testcase classname="tests.test_api.TestHealth" name="test_root" time="0.104" /><testcase classname="tests.test_api.TestHealth" name="test_health" time="0.251" /><testcase classname="tests.test_api.TestActivity" name="test_feed" time="0.050" /><testcase classname="tests.test_api.TestActivity" name="test_stats" time="0.484" /><testcase classname="tests.test_api.TestAuthGating" name="test_protected_requires_auth[/users/me-GET]" time="0.069" /><testcase classname="tests.test_api.TestAuthGating" name="test_protected_requires_auth[/jobs/recommendations-GET]" time="0.049" /><testcase classname="tests.test_api.TestAuthGating" name="test_protected_requires_auth[/jobs/applications-GET]" time="0.049" /><testcase classname="tests.test_api.TestAuthGating" name="test_protected_requires_auth[/payments/create-order-POST]" time="0.046" /><testcase classname="tests.test_api.TestAuthGating" name="test_protected_requires_auth[/admin/stats-GET]" time="0.047" /><testcase classname="tests.test_api.TestAuthGating" name="test_protected_requires_auth[/admin/users-GET]" time="0.047" /><testcase classname="tests.test_api.TestAuthGating" name="test_protected_requires_auth[/admin/orders-GET]" time="0.064" /><testcase classname="tests.test_api.TestAuthGating" name="test_protected_requires_auth[/resumes/upload-POST]" time="0.048" /><testcase classname="tests.test_api.TestAuthGating" name="test_invalid_supabase_token" time="0.270" /><testcase classname="tests.test_api.TestAdmin" name="test_login_success" time="0.051" /><testcase classname="tests.test_api.TestAdmin" name="test_login_wrong_password" time="0.046" /><testcase classname="tests.test_api.TestAdmin" name="test_login_wrong_email" time="0.048" /><testcase classname="tests.test_api.TestAdmin" name="test_admin_me" time="0.096" /><testcase classname="tests.test_api.TestAdmin" name="test_admin_stats" time="1.912" /><testcase classname="tests.test_api.TestAdmin" name="test_admin_users" time="0.255" /><testcase classname="tests.test_api.TestAdmin" name="test_admin_orders" time="0.260" /><testcase classname="tests.test_api.TestAdmin" name="test_admin_applications" time="0.248" /><testcase classname="tests.test_api.TestAdmin" name="test_admin_change_plan_invalid" time="0.050" /><testcase classname="tests.test_api.TestAdmin" name="test_admin_change_plan_valid" time="0.262"><failure message="assert 500 == 200&#10; +  where 500 = &lt;Response [500]&gt;.status_code">tests/test_api.py:155: in test_admin_change_plan_valid
    assert r.status_code == 200
E   assert 500 == 200
E    +  where 500 = &lt;Response [500]&gt;.status_code</failure></testcase><testcase classname="tests.test_api.TestAdmin" name="test_admin_bad_token" time="0.052" /><testcase classname="tests.test_api.TestPaymentsAuthShape" name="test_create_order_unauth" time="0.048" /><testcase classname="tests.test_api.TestPaymentsAuthShape" name="test_verify_unauth" time="0.051" /></testsuite></testsuites>