<?xml version="1.0" encoding="utf-8"?><testsuites name="pytest tests"><testsuite name="pytest" errors="0" failures="0" skipped="0" tests="19" time="12.592" timestamp="2026-06-06T07:01:22.092518+00:00" hostname="agent-env-22fca2a2-1718-401d-9edb-c25ccd3e4971"><testcase classname="tests.test_webhook_and_downgrade.TestWebhookRenewal" name="test_webhook_payment_captured_renews_fresh" time="2.880" /><testcase classname="tests.test_webhook_and_downgrade.TestWebhookRenewal" name="test_webhook_payment_captured_extends_from_current_expiry" time="0.115" /><testcase classname="tests.test_webhook_and_downgrade.TestWebhookRenewal" name="test_webhook_missing_notes_returns_ignored" time="0.109" /><testcase classname="tests.test_webhook_and_downgrade.TestWebhookRenewal" name="test_webhook_payment_failed_sets_flag_does_not_downgrade" time="0.134" /><testcase classname="tests.test_webhook_and_downgrade.TestWebhookRenewal" name="test_webhook_subscription_cancelled_accepted" time="0.107" /><testcase classname="tests.test_webhook_and_downgrade.TestWebhookRenewal" name="test_webhook_works_without_signature_when_secret_empty" time="0.132" /><testcase classname="tests.test_webhook_and_downgrade.TestWebhookEventsLogging" name="test_webhook_logs_to_db_and_admin_lists" time="0.320" /><testcase classname="tests.test_webhook_and_downgrade.TestWebhookEventsLogging" name="test_admin_webhook_events_requires_auth" time="0.107" /><testcase classname="tests.test_webhook_and_downgrade.TestAutoDowngrade" name="test_expired_starter_downgrades_to_free" time="0.323" /><testcase classname="tests.test_webhook_and_downgrade.TestAutoDowngrade" name="test_future_starter_keeps_plan" time="0.323" /><testcase classname="tests.test_webhook_and_downgrade.TestABViewOnceOnly" name="test_ab_view_not_double_logged_for_same_cookie" time="0.145" /><testcase classname="tests.test_webhook_and_downgrade.TestReferralsNoEmailHint" name="test_apply_response_has_no_email_hint" time="4.578" /><testcase classname="tests.test_webhook_and_downgrade.TestRegressionEndpoints" name="test_health" time="0.095" /><testcase classname="tests.test_webhook_and_downgrade.TestRegressionEndpoints" name="test_activity_feed" time="0.101" /><testcase classname="tests.test_webhook_and_downgrade.TestRegressionEndpoints" name="test_activity_stats" time="0.104" /><testcase classname="tests.test_webhook_and_downgrade.TestRegressionEndpoints" name="test_ab_variant_pricing_copy" time="0.115" /><testcase classname="tests.test_webhook_and_downgrade.TestRegressionEndpoints" name="test_referrals_mine_requires_auth" time="0.145" /><testcase classname="tests.test_webhook_and_downgrade.TestRegressionEndpoints" name="test_admin_login" time="0.098" /><testcase classname="tests.test_webhook_and_downgrade.TestRegressionEndpoints" name="test_share_og_png_dimensions" time="2.567" /></testsuite></testsuites>