<?xml version="1.0" encoding="utf-8"?><testsuites name="pytest tests"><testsuite name="pytest" errors="0" failures="0" skipped="0" tests="33" time="15.393" timestamp="2026-06-08T07:29:37.885980+00:00" hostname="agent-env-22fca2a2-1718-401d-9edb-c25ccd3e4971"><testcase classname="backend.tests.test_iter4_admin_user_and_resumes.TestAdminUserDetail" name="test_requires_admin_token" time="1.750" /><testcase classname="backend.tests.test_iter4_admin_user_and_resumes.TestAdminUserDetail" name="test_rejects_wrong_token" time="0.104" /><testcase classname="backend.tests.test_iter4_admin_user_and_resumes.TestAdminUserDetail" name="test_returns_user_apps_orders" time="0.199" /><testcase classname="backend.tests.test_iter4_admin_user_and_resumes.TestAdminUserDetail" name="test_404_for_nonexistent" time="0.100" /><testcase classname="backend.tests.test_iter4_admin_user_and_resumes.TestAdminUserPatch" name="test_patch_string_fields" time="0.244" /><testcase classname="backend.tests.test_iter4_admin_user_and_resumes.TestAdminUserPatch" name="test_patch_integer_fields" time="0.206" /><testcase classname="backend.tests.test_iter4_admin_user_and_resumes.TestAdminUserPatch" name="test_patch_plan_valid" time="0.439" /><testcase classname="backend.tests.test_iter4_admin_user_and_resumes.TestAdminUserPatch" name="test_patch_plan_invalid" time="0.095" /><testcase classname="backend.tests.test_iter4_admin_user_and_resumes.TestAdminUserPatch" name="test_patch_empty_body" time="0.099" /><testcase classname="backend.tests.test_iter4_admin_user_and_resumes.TestAdminUserPatch" name="test_patch_all_nulls" time="0.112" /><testcase classname="backend.tests.test_iter4_admin_user_and_resumes.TestAdminUserPatch" name="test_patch_404_nonexistent" time="0.102" /><testcase classname="backend.tests.test_iter4_admin_user_and_resumes.TestAdminUserPatch" name="test_patch_requires_admin" time="0.113" /><testcase classname="backend.tests.test_iter4_admin_user_and_resumes.TestAdminUserPatch" name="test_patch_lists" time="0.214" /><testcase classname="backend.tests.test_iter4_admin_user_and_resumes.TestResumes" name="test_signed_url_404_when_no_resume" time="1.244" /><testcase classname="backend.tests.test_iter4_admin_user_and_resumes.TestResumes" name="test_upload_pdf_then_signed_url" time="1.795" /><testcase classname="backend.tests.test_iter4_admin_user_and_resumes.TestResumes" name="test_upload_rejects_invalid_type" time="0.307" /><testcase classname="backend.tests.test_iter4_admin_user_and_resumes.TestResumes" name="test_upload_requires_auth" time="0.103" /><testcase classname="backend.tests.test_iter4_admin_user_and_resumes.TestResumes" name="test_parse_runs_after_upload" time="0.309" /><testcase classname="backend.tests.test_iter4_admin_user_and_resumes.TestWebhookIdempotency" name="test_same_raw_event_id_returns_duplicate" time="0.200" /><testcase classname="backend.tests.test_iter4_admin_user_and_resumes.TestSignupAutoConfirm" name="test_signup_creates_confirmed_user" time="1.397" /><testcase classname="backend.tests.test_iter4_admin_user_and_resumes.TestAdminRegression" name="test_admin_login_ok" time="0.118" /><testcase classname="backend.tests.test_iter4_admin_user_and_resumes.TestAdminRegression" name="test_admin_login_invalid" time="0.116" /><testcase classname="backend.tests.test_iter4_admin_user_and_resumes.TestAdminRegression" name="test_admin_stats" time="0.102" /><testcase classname="backend.tests.test_iter4_admin_user_and_resumes.TestAdminRegression" name="test_admin_users_list" time="0.106" /><testcase classname="backend.tests.test_iter4_admin_user_and_resumes.TestAdminRegression" name="test_admin_orders" time="0.102" /><testcase classname="backend.tests.test_iter4_admin_user_and_resumes.TestAdminRegression" name="test_admin_applications" time="0.104" /><testcase classname="backend.tests.test_iter4_admin_user_and_resumes.TestAdminRegression" name="test_admin_webhook_events" time="0.117" /><testcase classname="backend.tests.test_iter4_admin_user_and_resumes.TestMiscRegression" name="test_health" time="0.100" /><testcase classname="backend.tests.test_iter4_admin_user_and_resumes.TestMiscRegression" name="test_activity_feed" time="0.107" /><testcase classname="backend.tests.test_iter4_admin_user_and_resumes.TestMiscRegression" name="test_activity_stats" time="0.104" /><testcase classname="backend.tests.test_iter4_admin_user_and_resumes.TestMiscRegression" name="test_ab_variant_pricing_copy" time="0.110" /><testcase classname="backend.tests.test_iter4_admin_user_and_resumes.TestMiscRegression" name="test_referrals_apply_no_pii" time="2.873" /><testcase classname="backend.tests.test_iter4_admin_user_and_resumes.TestMiscRegression" name="test_share_og_image_dimensions" time="2.094" /></testsuite></testsuites>