<?xml version="1.0" encoding="utf-8"?><testsuites name="pytest tests"><testsuite name="pytest" errors="0" failures="0" skipped="0" tests="26" time="2.007" timestamp="2026-06-06T06:18:38.446024+00:00" hostname="agent-env-22fca2a2-1718-401d-9edb-c25ccd3e4971"><testcase classname="backend.tests.test_api.TestHealth" name="test_root" time="0.003" /><testcase classname="backend.tests.test_api.TestHealth" name="test_health" time="0.048" /><testcase classname="backend.tests.test_api.TestActivity" name="test_feed" time="0.046" /><testcase classname="backend.tests.test_api.TestActivity" name="test_stats" time="0.044" /><testcase classname="backend.tests.test_api.TestAuthGating" name="test_protected_requires_auth[/users/me-GET]" time="0.043" /><testcase classname="backend.tests.test_api.TestAuthGating" name="test_protected_requires_auth[/jobs/recommendations-GET]" time="0.042" /><testcase classname="backend.tests.test_api.TestAuthGating" name="test_protected_requires_auth[/jobs/applications-GET]" time="0.042" /><testcase classname="backend.tests.test_api.TestAuthGating" name="test_protected_requires_auth[/payments/create-order-POST]" time="0.043" /><testcase classname="backend.tests.test_api.TestAuthGating" name="test_protected_requires_auth[/admin/stats-GET]" time="0.042" /><testcase classname="backend.tests.test_api.TestAuthGating" name="test_protected_requires_auth[/admin/users-GET]" time="0.043" /><testcase classname="backend.tests.test_api.TestAuthGating" name="test_protected_requires_auth[/admin/orders-GET]" time="0.043" /><testcase classname="backend.tests.test_api.TestAuthGating" name="test_protected_requires_auth[/resumes/upload-POST]" time="0.042" /><testcase classname="backend.tests.test_api.TestAuthGating" name="test_invalid_supabase_token" time="0.855" /><testcase classname="backend.tests.test_api.TestAdmin" name="test_login_success" time="0.043" /><testcase classname="backend.tests.test_api.TestAdmin" name="test_login_wrong_password" time="0.042" /><testcase classname="backend.tests.test_api.TestAdmin" name="test_login_wrong_email" time="0.042" /><testcase classname="backend.tests.test_api.TestAdmin" name="test_admin_me" time="0.084" /><testcase classname="backend.tests.test_api.TestAdmin" name="test_admin_stats" time="0.045" /><testcase classname="backend.tests.test_api.TestAdmin" name="test_admin_users" time="0.043" /><testcase classname="backend.tests.test_api.TestAdmin" name="test_admin_orders" time="0.043" /><testcase classname="backend.tests.test_api.TestAdmin" name="test_admin_applications" time="0.043" /><testcase classname="backend.tests.test_api.TestAdmin" name="test_admin_change_plan_invalid" time="0.043" /><testcase classname="backend.tests.test_api.TestAdmin" name="test_admin_change_plan_valid" time="0.043" /><testcase classname="backend.tests.test_api.TestAdmin" name="test_admin_bad_token" time="0.042" /><testcase classname="backend.tests.test_api.TestPaymentsAuthShape" name="test_create_order_unauth" time="0.042" /><testcase classname="backend.tests.test_api.TestPaymentsAuthShape" name="test_verify_unauth" time="0.042" /></testsuite></testsuites>