<?xml version="1.0" encoding="utf-8"?><testsuites name="pytest tests"><testsuite name="pytest" errors="0" failures="0" skipped="0" tests="12" time="6.813" timestamp="2026-06-06T06:20:12.816258+00:00" hostname="agent-env-22fca2a2-1718-401d-9edb-c25ccd3e4971"><testcase classname="backend.tests.test_authenticated.TestUsersMe" name="test_get_me_auto_creates" time="2.162" /><testcase classname="backend.tests.test_authenticated.TestUsersMe" name="test_put_me_updates_onboarding" time="0.422" /><testcase classname="backend.tests.test_authenticated.TestJobs" name="test_recommendations_free_limit" time="0.211" /><testcase classname="backend.tests.test_authenticated.TestJobs" name="test_apply_forbidden_for_free" time="0.210" /><testcase classname="backend.tests.test_authenticated.TestJobs" name="test_applications_empty_for_new_user" time="0.210" /><testcase classname="backend.tests.test_authenticated.TestPayments" name="test_create_order_starter" time="1.148" /><testcase classname="backend.tests.test_authenticated.TestPayments" name="test_create_order_pro" time="0.509" /><testcase classname="backend.tests.test_authenticated.TestPayments" name="test_create_order_invalid_plan" time="0.211" /><testcase classname="backend.tests.test_authenticated.TestPayments" name="test_verify_invalid_signature" time="0.209" /><testcase classname="backend.tests.test_authenticated.TestResumeUpload" name="test_reject_unsupported_type" time="0.209" /><testcase classname="backend.tests.test_authenticated.TestResumeUpload" name="test_accept_pdf" time="0.911" /><testcase classname="backend.tests.test_authenticated" name="test_activity_feed_smoke" time="0.321" /></testsuite></testsuites>