<?xml version="1.0" encoding="utf-8"?><testsuites name="pytest tests"><testsuite name="pytest" errors="0" failures="0" skipped="0" tests="17" time="8.096" timestamp="2026-06-06T06:39:42.833719+00:00" hostname="agent-env-22fca2a2-1718-401d-9edb-c25ccd3e4971"><testcase classname="backend.tests.test_new_features.TestABVariant" name="test_variant_returns_copy_and_sets_cookie" time="0.161" /><testcase classname="backend.tests.test_new_features.TestABVariant" name="test_unknown_experiment_returns_default_A" time="0.002" /><testcase classname="backend.tests.test_new_features.TestABVariant" name="test_track_valid_event" time="0.003" /><testcase classname="backend.tests.test_new_features.TestABVariant" name="test_track_invalid_experiment_or_event" time="0.003" /><testcase classname="backend.tests.test_new_features.TestABVariant" name="test_stats_requires_admin" time="0.001" /><testcase classname="backend.tests.test_new_features.TestABVariant" name="test_stats_with_admin" time="0.007" /><testcase classname="backend.tests.test_new_features.TestReferrals" name="test_mine_requires_auth" time="0.001" /><testcase classname="backend.tests.test_new_features.TestReferrals" name="test_mine_returns_code_and_backfill" time="2.060" /><testcase classname="backend.tests.test_new_features.TestReferrals" name="test_apply_own_code_returns_400" time="0.405" /><testcase classname="backend.tests.test_new_features.TestReferrals" name="test_apply_invalid_code_returns_404" time="1.500" /><testcase classname="backend.tests.test_new_features.TestReferrals" name="test_apply_valid_code_then_double" time="0.815" /><testcase classname="backend.tests.test_new_features.TestShare" name="test_create_requires_auth" time="0.002" /><testcase classname="backend.tests.test_new_features.TestShare" name="test_create_share_token" time="0.573" /><testcase classname="backend.tests.test_new_features.TestShare" name="test_invalid_token_404" time="0.005" /><testcase classname="backend.tests.test_new_features.TestRecommendationsBonus" name="test_recommendations_with_bonus_after_referral" time="0.201" /><testcase classname="backend.tests.test_new_features.TestRegressions" name="test_payments_verify_enforces_ownership" time="1.304" /><testcase classname="backend.tests.test_new_features.TestRegressions" name="test_admin_plan_change_missing_user_returns_404" time="0.957" /></testsuite></testsuites>