<?xml version="1.0" encoding="utf-8"?><testsuites name="pytest tests"><testsuite name="pytest" errors="0" failures="2" skipped="0" tests="38" time="8.394" timestamp="2026-06-06T06:39:55.850595+00:00" hostname="agent-env-22fca2a2-1718-401d-9edb-c25ccd3e4971"><testcase classname="backend.tests.test_api.TestHealth" name="test_root" time="0.003" /><testcase classname="backend.tests.test_api.TestHealth" name="test_health" time="0.043" /><testcase classname="backend.tests.test_api.TestActivity" name="test_feed" time="0.043" /><testcase classname="backend.tests.test_api.TestActivity" name="test_stats" time="0.043" /><testcase classname="backend.tests.test_api.TestAuthGating" name="test_protected_requires_auth[/users/me-GET]" time="0.043" /><testcase classname="backend.tests.test_api.TestAuthGating" name="test_protected_requires_auth[/jobs/recommendations-GET]" time="0.043" /><testcase classname="backend.tests.test_api.TestAuthGating" name="test_protected_requires_auth[/jobs/applications-GET]" time="0.042" /><testcase classname="backend.tests.test_api.TestAuthGating" name="test_protected_requires_auth[/payments/create-order-POST]" time="0.043" /><testcase classname="backend.tests.test_api.TestAuthGating" name="test_protected_requires_auth[/admin/stats-GET]" time="0.044" /><testcase classname="backend.tests.test_api.TestAuthGating" name="test_protected_requires_auth[/admin/users-GET]" time="0.043" /><testcase classname="backend.tests.test_api.TestAuthGating" name="test_protected_requires_auth[/admin/orders-GET]" time="0.043" /><testcase classname="backend.tests.test_api.TestAuthGating" name="test_protected_requires_auth[/resumes/upload-POST]" time="0.043" /><testcase classname="backend.tests.test_api.TestAuthGating" name="test_invalid_supabase_token" time="0.679" /><testcase classname="backend.tests.test_api.TestAdmin" name="test_login_success" time="0.043" /><testcase classname="backend.tests.test_api.TestAdmin" name="test_login_wrong_password" time="0.042" /><testcase classname="backend.tests.test_api.TestAdmin" name="test_login_wrong_email" time="0.042" /><testcase classname="backend.tests.test_api.TestAdmin" name="test_admin_me" time="0.105" /><testcase classname="backend.tests.test_api.TestAdmin" name="test_admin_stats" time="0.045" /><testcase classname="backend.tests.test_api.TestAdmin" name="test_admin_users" time="0.044" /><testcase classname="backend.tests.test_api.TestAdmin" name="test_admin_orders" time="0.044" /><testcase classname="backend.tests.test_api.TestAdmin" name="test_admin_applications" time="0.044" /><testcase classname="backend.tests.test_api.TestAdmin" name="test_admin_change_plan_invalid" time="0.043" /><testcase classname="backend.tests.test_api.TestAdmin" name="test_admin_change_plan_valid" time="0.043"><failure message="assert 404 == 200&#10; +  where 404 = &lt;Response [404]&gt;.status_code">backend/tests/test_api.py:154: in test_admin_change_plan_valid
    assert r.status_code == 200
E   assert 404 == 200
E    +  where 404 = &lt;Response [404]&gt;.status_code</failure></testcase><testcase classname="backend.tests.test_api.TestAdmin" name="test_admin_bad_token" time="0.042" /><testcase classname="backend.tests.test_api.TestPaymentsAuthShape" name="test_create_order_unauth" time="0.042" /><testcase classname="backend.tests.test_api.TestPaymentsAuthShape" name="test_verify_unauth" time="0.042" /><testcase classname="backend.tests.test_authenticated.TestUsersMe" name="test_get_me_auto_creates" time="1.260" /><testcase classname="backend.tests.test_authenticated.TestUsersMe" name="test_put_me_updates_onboarding" time="0.421" /><testcase classname="backend.tests.test_authenticated.TestJobs" name="test_recommendations_free_limit" time="0.211" /><testcase classname="backend.tests.test_authenticated.TestJobs" name="test_apply_forbidden_for_free" time="0.214" /><testcase classname="backend.tests.test_authenticated.TestJobs" name="test_applications_empty_for_new_user" time="0.213" /><testcase classname="backend.tests.test_authenticated.TestPayments" name="test_create_order_starter" time="0.588" /><testcase classname="backend.tests.test_authenticated.TestPayments" name="test_create_order_pro" time="0.624" /><testcase classname="backend.tests.test_authenticated.TestPayments" name="test_create_order_invalid_plan" time="0.209" /><testcase classname="backend.tests.test_authenticated.TestPayments" name="test_verify_invalid_signature" time="0.212"><failure message="assert 404 == 400&#10; +  where 404 = &lt;Response [404]&gt;.status_code">backend/tests/test_authenticated.py:163: in test_verify_invalid_signature
    assert r.status_code == 400
E   assert 404 == 400
E    +  where 404 = &lt;Response [404]&gt;.status_code</failure></testcase><testcase classname="backend.tests.test_authenticated.TestResumeUpload" name="test_reject_unsupported_type" time="0.215" /><testcase classname="backend.tests.test_authenticated.TestResumeUpload" name="test_accept_pdf" time="1.665" /><testcase classname="backend.tests.test_authenticated" name="test_activity_feed_smoke" time="0.690" /></testsuite></testsuites>